<?xml version="1.0" encoding="UTF-8"?>
<testng-results skipped="0" failed="0" ignored="0" total="1" passed="1">
  <reporter-output>
  </reporter-output>
  <suite name="InetBankingV1" duration-ms="50924" started-at="2020-02-29T10:56:59Z" finished-at="2020-02-29T10:57:50Z">
    <groups>
    </groups>
    <test name="BankingApp Test" duration-ms="50924" started-at="2020-02-29T10:56:59Z" finished-at="2020-02-29T10:57:50Z">
      <class name="com.inetbanking.testCases.TC_AddCustomerTest_003">
        <test-method status="PASS" signature="setup(java.lang.String)[pri:0, instance:com.inetbanking.testCases.TC_AddCustomerTest_003@6276ae34]" name="setup" is-config="true" duration-ms="23287" started-at="2020-02-29T10:57:00Z" finished-at="2020-02-29T10:57:23Z">
          <params>
            <param index="0">
              <value>
                <![CDATA[chrome]]>
              </value>
            </param>
          </params>
          <reporter-output>
          </reporter-output>
        </test-method> <!-- setup -->
        <test-method status="PASS" signature="addNewCustomer()[pri:0, instance:com.inetbanking.testCases.TC_AddCustomerTest_003@6276ae34]" name="addNewCustomer" duration-ms="25938" started-at="2020-02-29T10:57:23Z" finished-at="2020-02-29T10:57:49Z">
          <reporter-output>
          </reporter-output>
        </test-method> <!-- addNewCustomer -->
        <test-method status="PASS" signature="tearDown()[pri:0, instance:com.inetbanking.testCases.TC_AddCustomerTest_003@6276ae34]" name="tearDown" is-config="true" duration-ms="858" started-at="2020-02-29T10:57:49Z" finished-at="2020-02-29T10:57:50Z">
          <reporter-output>
          </reporter-output>
        </test-method> <!-- tearDown -->
      </class> <!-- com.inetbanking.testCases.TC_AddCustomerTest_003 -->
    </test> <!-- BankingApp Test -->
  </suite> <!-- InetBankingV1 -->
</testng-results>
